have_library: checking for main() in -lc... -------------------- yes

"/usr/local/bin/gcc-4.2 -o conftest -I/Users/elaineicecream/.rvm/rubies/ruby-2.0.0-p195/include/ruby-2.0.0/x86_64-darwin11.4.2 -I/Users/elaineicecream/.rvm/rubies/ruby-2.0.0-p195/include/ruby-2.0.0/ruby/backward -I/Users/elaineicecream/.rvm/rubies/ruby-2.0.0-p195/include/ruby-2.0.0 -I. -D_XOPEN_SOURCE -D_DARWIN_C_SOURCE -D_DARWIN_UNLIMITED_SELECT -D_REENTRANT -I/usr/local/opt/libyaml/include -I/usr/local/opt/readline/include -I/usr/local/opt/libxml2/include -I/usr/local/opt/libxslt/include -I/usr/local/opt/libksba/include -I/usr/local/opt/openssl/include    -O3 -fno-fast-math -ggdb3 -Wall -Wextra -Wno-unused-parameter -Wno-parentheses -Wno-long-long -Wno-missing-field-initializers -Wunused-variable -Wpointer-arith -Wwrite-strings -Wdeclaration-after-statement -Wshorten-64-to-32 -Wimplicit-function-declaration  -fno-common -pipe conftest.c  -L. -L/Users/elaineicecream/.rvm/rubies/ruby-2.0.0-p195/lib -L/usr/local/opt/libyaml/lib -L/usr/local/opt/readline/lib -L/usr/local/opt/libxml2/lib -L/usr/local/opt/libxslt/lib -L/usr/local/opt/libksba/lib -L/usr/local/opt/openssl/lib -L. -fstack-protector -L/usr/local/opt/libyaml/lib -L/usr/local/opt/readline/lib -L/usr/local/opt/libxml2/lib -L/usr/local/opt/libxslt/lib -L/usr/local/opt/libksba/lib -L/usr/local/opt/openssl/lib      -lruby.2.0.0  -lpthread -ldl -lobjc "
checked program was:
/* begin */
1: #include "ruby.h"
2: 
3: int main(int argc, char **argv)
4: {
5:   return 0;
6: }
/* end */

"/usr/local/bin/gcc-4.2 -o conftest -I/Users/elaineicecream/.rvm/rubies/ruby-2.0.0-p195/include/ruby-2.0.0/x86_64-darwin11.4.2 -I/Users/elaineicecream/.rvm/rubies/ruby-2.0.0-p195/include/ruby-2.0.0/ruby/backward -I/Users/elaineicecream/.rvm/rubies/ruby-2.0.0-p195/include/ruby-2.0.0 -I. -D_XOPEN_SOURCE -D_DARWIN_C_SOURCE -D_DARWIN_UNLIMITED_SELECT -D_REENTRANT -I/usr/local/opt/libyaml/include -I/usr/local/opt/readline/include -I/usr/local/opt/libxml2/include -I/usr/local/opt/libxslt/include -I/usr/local/opt/libksba/include -I/usr/local/opt/openssl/include    -O3 -fno-fast-math -ggdb3 -Wall -Wextra -Wno-unused-parameter -Wno-parentheses -Wno-long-long -Wno-missing-field-initializers -Wunused-variable -Wpointer-arith -Wwrite-strings -Wdeclaration-after-statement -Wshorten-64-to-32 -Wimplicit-function-declaration  -fno-common -pipe conftest.c  -L. -L/Users/elaineicecream/.rvm/rubies/ruby-2.0.0-p195/lib -L/usr/local/opt/libyaml/lib -L/usr/local/opt/readline/lib -L/usr/local/opt/libxml2/lib -L/usr/local/opt/libxslt/lib -L/usr/local/opt/libksba/lib -L/usr/local/opt/openssl/lib -L. -fstack-protector -L/usr/local/opt/libyaml/lib -L/usr/local/opt/readline/lib -L/usr/local/opt/libxml2/lib -L/usr/local/opt/libxslt/lib -L/usr/local/opt/libksba/lib -L/usr/local/opt/openssl/lib      -lruby.2.0.0 -lc  -lpthread -ldl -lobjc "
conftest.c: In function ‘t’:
conftest.c:5: error: ‘main’ undeclared (first use in this function)
conftest.c:5: error: (Each undeclared identifier is reported only once
conftest.c:5: error: for each function it appears in.)
checked program was:
/* begin */
 1: #include "ruby.h"
 2: 
 3: /*top*/
 4: extern int t(void);
 5: int t(void) { void ((*volatile p)()); p = (void ((*)()))main; return 0; }
 6: int main(int argc, char **argv)
 7: {
 8:   if (argc > 1000000) {
 9:     printf("%p", &t);
10:   }
11: 
12:   return 0;
13: }
/* end */

"/usr/local/bin/gcc-4.2 -o conftest -I/Users/elaineicecream/.rvm/rubies/ruby-2.0.0-p195/include/ruby-2.0.0/x86_64-darwin11.4.2 -I/Users/elaineicecream/.rvm/rubies/ruby-2.0.0-p195/include/ruby-2.0.0/ruby/backward -I/Users/elaineicecream/.rvm/rubies/ruby-2.0.0-p195/include/ruby-2.0.0 -I. -D_XOPEN_SOURCE -D_DARWIN_C_SOURCE -D_DARWIN_UNLIMITED_SELECT -D_REENTRANT -I/usr/local/opt/libyaml/include -I/usr/local/opt/readline/include -I/usr/local/opt/libxml2/include -I/usr/local/opt/libxslt/include -I/usr/local/opt/libksba/include -I/usr/local/opt/openssl/include    -O3 -fno-fast-math -ggdb3 -Wall -Wextra -Wno-unused-parameter -Wno-parentheses -Wno-long-long -Wno-missing-field-initializers -Wunused-variable -Wpointer-arith -Wwrite-strings -Wdeclaration-after-statement -Wshorten-64-to-32 -Wimplicit-function-declaration  -fno-common -pipe conftest.c  -L. -L/Users/elaineicecream/.rvm/rubies/ruby-2.0.0-p195/lib -L/usr/local/opt/libyaml/lib -L/usr/local/opt/readline/lib -L/usr/local/opt/libxml2/lib -L/usr/local/opt/libxslt/lib -L/usr/local/opt/libksba/lib -L/usr/local/opt/openssl/lib -L. -fstack-protector -L/usr/local/opt/libyaml/lib -L/usr/local/opt/readline/lib -L/usr/local/opt/libxml2/lib -L/usr/local/opt/libxslt/lib -L/usr/local/opt/libksba/lib -L/usr/local/opt/openssl/lib      -lruby.2.0.0 -lc  -lpthread -ldl -lobjc "
conftest.c: In function ‘t’:
conftest.c:5: warning: implicit declaration of function ‘main’
checked program was:
/* begin */
 1: #include "ruby.h"
 2: 
 3: /*top*/
 4: extern int t(void);
 5: int t(void) { main(); return 0; }
 6: int main(int argc, char **argv)
 7: {
 8:   if (argc > 1000000) {
 9:     printf("%p", &t);
10:   }
11: 
12:   return 0;
13: }
/* end */

--------------------

